Build started 10/6/2014 2:51:33 PM.
     1>Project "C:\Users\RyderDale\Documents\Visual Studio 2013\Projects\MathQuiz2.0\MathQuiz2.0\MathQuiz2.0.vcxproj" on node 2 (Rebuild target(s)).
     1>C:\Program Files (x86)\MSBuild\Microsoft.Cpp\v4.0\V120\Microsoft.CppClean.targets(76,5): warning : Access to the path 'c:\users\ryderdale\documents\visual studio 2013\projects\mathquiz2.0\debug\mathquiz2.0.exe' is denied.
     1>ClCompile:
         C:\Program Files (x86)\Microsoft Visual Studio 12.0\VC\bin\CL.exe /c /ZI /nologo /W3 /WX- /sdl /Od /Oy- /D WIN32 /D _DEBUG /D _CONSOLE /D _LIB /D _UNICODE /D UNICODE /Gm /EHsc /RTC1 /MDd /GS /fp:precise /Zc:wchar_t /Zc:forScope /Fo"Debug\\" /Fd"Debug\vc120.pdb" /Gd /TP /analyze- /errorReport:prompt mathquiz2.0.cpp
         mathquiz2.0.cpp
     1>c:\users\ryderdale\documents\visual studio 2013\projects\mathquiz2.0\mathquiz2.0\mathquiz2.0.cpp(28): warning C4244: 'initializing' : conversion from 'time_t' to 'unsigned int', possible loss of data
       Link:
         C:\Program Files (x86)\Microsoft Visual Studio 12.0\VC\bin\link.exe /ERRORREPORT:PROMPT /OUT:"C:\Users\RyderDale\Documents\Visual Studio 2013\Projects\MathQuiz2.0\Debug\MathQuiz2.0.exe" /INCREMENTAL /NOLOGO kernel32.lib user32.lib gdi32.lib winspool.lib comdlg32.lib advapi32.lib shell32.lib ole32.lib oleaut32.lib uuid.lib odbc32.lib odbccp32.lib /MANIFEST /MANIFESTUAC:"level='asInvoker' uiAccess='false'" /manifest:embed /DEBUG /PDB:"C:\Users\RyderDale\Documents\Visual Studio 2013\Projects\MathQuiz2.0\Debug\MathQuiz2.0.pdb" /SUBSYSTEM:CONSOLE /TLBID:1 /DYNAMICBASE /NXCOMPAT /IMPLIB:"C:\Users\RyderDale\Documents\Visual Studio 2013\Projects\MathQuiz2.0\Debug\MathQuiz2.0.lib" /MACHINE:X86 Debug\mathquiz2.0.obj
     1>LINK : fatal error LNK1104: cannot open file 'C:\Users\RyderDale\Documents\Visual Studio 2013\Projects\MathQuiz2.0\Debug\MathQuiz2.0.exe'
     1>Done Building Project "C:\Users\RyderDale\Documents\Visual Studio 2013\Projects\MathQuiz2.0\MathQuiz2.0\MathQuiz2.0.vcxproj" (Rebuild target(s)) -- FAILED.

Build FAILED.

Time Elapsed 00:00:00.46
